<?xml version="1.0" encoding="UTF-8"?>
<testng-results ignored="0" total="1" passed="1" failed="0" skipped="0">
  <reporter-output>
  </reporter-output>
  <suite started-at="2024-04-18T23:13:56 IST" name="Surefire suite" finished-at="2024-04-18T23:14:21 IST" duration-ms="25765">
    <groups>
    </groups>
    <test started-at="2024-04-18T23:13:56 IST" name="Surefire test" finished-at="2024-04-18T23:14:21 IST" duration-ms="25765">
      <class name="testcase.MyFirstTest">
        <test-method is-config="true" signature="setup()[pri:0, instance:testcase.MyFirstTest@429bffaa]" started-at="2024-04-18T23:13:56 IST" name="setup" finished-at="2024-04-18T23:14:00 IST" duration-ms="4346" status="PASS">
          <reporter-output>
          </reporter-output>
        </test-method> <!-- setup -->
        <test-method signature="logintest()[pri:0, instance:testcase.MyFirstTest@429bffaa]" started-at="2024-04-18T23:14:00 IST" name="logintest" finished-at="2024-04-18T23:14:21 IST" duration-ms="21345" status="PASS">
          <reporter-output>
          </reporter-output>
        </test-method> <!-- logintest -->
        <test-method is-config="true" signature="tearDown()[pri:0, instance:testcase.MyFirstTest@429bffaa]" started-at="2024-04-18T23:14:21 IST" name="tearDown" finished-at="2024-04-18T23:14:21 IST" duration-ms="3" status="PASS">
          <reporter-output>
          </reporter-output>
        </test-method> <!-- tearDown -->
      </class> <!-- testcase.MyFirstTest -->
    </test> <!-- Surefire test -->
  </suite> <!-- Surefire suite -->
</testng-results>
